{"/home/itachi/Desktop/batch-sdk/src/service/BatchProcessor.ts": {"path":"/home/itachi/Desktop/batch-sdk/src/service/BatchProcessor.ts","statementMap":{"0":{"start":{"line":1,"column":0},"end":{"line":1,"column":32}},"1":{"start":{"line":2,"column":0},"end":{"line":2,"column":51}},"2":{"start":{"line":16,"column":4},"end":{"line":16,"column":37}},"3":{"start":{"line":16,"column":27},"end":{"line":16,"column":37}},"4":{"start":{"line":19,"column":20},"end":{"line":28,"column":null}},"5":{"start":{"line":20,"column":38},"end":{"line":28,"column":8}},"6":{"start":{"line":21,"column":8},"end":{"line":27,"column":9}},"7":{"start":{"line":22,"column":26},"end":{"line":22,"column":90}},"8":{"start":{"line":23,"column":10},"end":{"line":23,"column":67}},"9":{"start":{"line":25,"column":10},"end":{"line":25,"column":74}},"10":{"start":{"line":26,"column":10},"end":{"line":26,"column":43}},"11":{"start":{"line":31,"column":4},"end":{"line":31,"column":19}},"12":{"start":{"line":4,"column":0},"end":{"line":4,"column":13}}},"fnMap":{"0":{"name":"(anonymous_7)","decl":{"start":{"line":15,"column":8},"end":{"line":15,"column":25}},"loc":{"start":{"line":15,"column":45},"end":{"line":32,"column":null}}},"1":{"name":"(anonymous_9)","decl":{"start":{"line":20,"column":20},"end":{"line":20,"column":27}},"loc":{"start":{"line":20,"column":38},"end":{"line":28,"column":8}}},"2":{"name":"(anonymous_10)","decl":{"start":{"line":20,"column":38},"end":{"line":20,"column":null}},"loc":{"start":{"line":20,"column":38},"end":{"line":28,"column":7}}}},"branchMap":{"0":{"loc":{"start":{"line":16,"column":4},"end":{"line":16,"column":37}},"type":"if","locations":[{"start":{"line":16,"column":4},"end":{"line":16,"column":37}}]}},"s":{"0":1,"1":1,"2":3,"3":1,"4":2,"5":4,"6":4,"7":4,"8":3,"9":1,"10":1,"11":2,"12":1},"f":{"0":3,"1":4,"2":4},"b":{"0":[1]}}
}
